<?xml version="1.0" encoding="UTF-8"?>
<testng-results skipped="0" failed="0" total="2" passed="2">
  <reporter-output>
    <line>
      <![CDATA[test.timeouts - 30]]>
    </line>
    <line>
      <![CDATA[test.baseUrl - https://pikabu.ru/]]>
    </line>
    <line>
      <![CDATA[test.browser - chrome]]>
    </line>
  </reporter-output>
  <suite name="Default Suite" duration-ms="437384" started-at="2017-10-25T09:19:10Z" finished-at="2017-10-25T09:26:27Z">
    <groups>
    </groups>
    <test name="MyProject" duration-ms="437384" started-at="2017-10-25T09:19:10Z" finished-at="2017-10-25T09:26:27Z">
      <class name="GoToTest">
        <test-method status="PASS" signature="setUp()[pri:0, instance:GoToTest@3c0a50da]" name="setUp" is-config="true" duration-ms="79527" started-at="2017-10-25T12:19:10Z" finished-at="2017-10-25T12:20:29Z">
          <reporter-output>
            <line>
              <![CDATA[test.timeouts - 30]]>
            </line>
            <line>
              <![CDATA[test.baseUrl - https://pikabu.ru/]]>
            </line>
            <line>
              <![CDATA[test.browser - chrome]]>
            </line>
          </reporter-output>
        </test-method> <!-- setUp -->
        <test-method status="PASS" signature="enterSite()[pri:0, instance:GoToTest@3c0a50da]" name="enterSite" duration-ms="169523" started-at="2017-10-25T12:20:34Z" finished-at="2017-10-25T12:23:24Z">
          <reporter-output>
          </reporter-output>
        </test-method> <!-- enterSite -->
        <test-method status="PASS" signature="goTo()[pri:0, instance:GoToTest@3c0a50da]" name="goTo" duration-ms="169403" started-at="2017-10-25T12:23:24Z" finished-at="2017-10-25T12:26:13Z">
          <reporter-output>
          </reporter-output>
        </test-method> <!-- goTo -->
        <test-method status="PASS" signature="tearDown()[pri:0, instance:GoToTest@3c0a50da]" name="tearDown" is-config="true" duration-ms="1184" started-at="2017-10-25T12:26:26Z" finished-at="2017-10-25T12:26:27Z">
          <reporter-output>
          </reporter-output>
        </test-method> <!-- tearDown -->
      </class> <!-- GoToTest -->
    </test> <!-- MyProject -->
  </suite> <!-- Default Suite -->
</testng-results>
